<?xml version="1.0" encoding="UTF-8"?>
<testng-results skipped="0" failed="0" ignored="0" total="1" passed="1">
  <reporter-output>
  </reporter-output>
  <suite name="Suite" duration-ms="3431" started-at="2023-03-07T21:55:46 BDT" finished-at="2023-03-07T21:55:49 BDT">
    <groups>
      <group name="cucumber">
        <method signature="AbstractTestNGCucumberTests.runScenario(io.cucumber.testng.PickleWrapper, io.cucumber.testng.FeatureWrapper)[pri:0, instance:TestRunner.PatchApiRunnerTests@1dde4cb2]" name="runScenario" class="io.cucumber.testng.AbstractTestNGCucumberTests"/>
      </group> <!-- cucumber -->
    </groups>
    <test name="patchApi" duration-ms="3431" started-at="2023-03-07T21:55:46 BDT" finished-at="2023-03-07T21:55:49 BDT">
      <class name="TestRunner.PatchApiRunnerTests">
        <test-method status="PASS" signature="setUpClass()[pri:0, instance:TestRunner.PatchApiRunnerTests@1dde4cb2]" name="setUpClass" is-config="true" duration-ms="498" started-at="2023-03-07T21:55:46 BDT" finished-at="2023-03-07T21:55:46 BDT">
          <reporter-output>
          </reporter-output>
        </test-method> <!-- setUpClass -->
        <test-method status="PASS" signature="runScenario(io.cucumber.testng.PickleWrapper, io.cucumber.testng.FeatureWrapper)[pri:0, instance:TestRunner.PatchApiRunnerTests@1dde4cb2]" name="runScenario" duration-ms="2859" started-at="2023-03-07T21:55:46 BDT" description="Runs Cucumber Scenarios" data-provider="scenarios" finished-at="2023-03-07T21:55:49 BDT">
          <params>
            <param index="0">
              <value>
                <![CDATA[""]]>
              </value>
            </param>
            <param index="1">
              <value>
                <![CDATA["Optional.empty"]]>
              </value>
            </param>
          </params>
          <reporter-output>
          </reporter-output>
        </test-method> <!-- runScenario -->
        <test-method status="PASS" signature="tearDownClass()[pri:0, instance:TestRunner.PatchApiRunnerTests@1dde4cb2]" name="tearDownClass" is-config="true" duration-ms="41" started-at="2023-03-07T21:55:49 BDT" finished-at="2023-03-07T21:55:49 BDT">
          <reporter-output>
          </reporter-output>
        </test-method> <!-- tearDownClass -->
      </class> <!-- TestRunner.PatchApiRunnerTests -->
    </test> <!-- patchApi -->
  </suite> <!-- Suite -->
</testng-results>
